<?xml version="1.0" encoding="UTF-8"?>
<!-- Generated by org.testng.reporters.JUnitReportReporter -->
<testsuite skipped="0" hostname="apples-MacBook-Air.local" name="TestCases.LoginPageTest" tests="4" failures="0" timestamp="2022-06-29T17:11:52 IST" time="22.356" errors="0">
  <testcase name="verifyKiteLogoTest" time="10.555" classname="TestCases.LoginPageTest"/>
  <system-out/>
  <testcase name="verifyTitleTest" time="2.993" classname="TestCases.LoginPageTest"/>
  <system-out/>
  <testcase name="loginToAppTest" time="5.817" classname="TestCases.LoginPageTest"/>
  <system-out/>
  <testcase name="verifyZerodhaLogoTest" time="2.991" classname="TestCases.LoginPageTest"/>
  <system-out/>
</testsuite> <!-- TestCases.LoginPageTest -->
