<?xml version="1.0" encoding="UTF-8"?>
<!-- Generated by org.testng.reporters.JUnitReportReporter -->
<testsuite skipped="0" hostname="apples-MacBook-Air.local" name="TestCases.GroupTest" tests="2" failures="0" timestamp="2022-06-12T08:15:42 IST" time="13.885" errors="0">
  <testcase name="verifyKiteLogoTest" time="10.374" classname="TestCases.GroupTest"/>
  <system-out/>
  <testcase name="verifyTitleTest" time="3.511" classname="TestCases.GroupTest"/>
  <system-out/>
</testsuite> <!-- TestCases.GroupTest -->
