<?xml version="1.0" encoding="UTF-8"?>
<!-- Generated by org.testng.reporters.JUnitReportReporter -->
<testsuite skipped="1" hostname="apples-MacBook-Air.local" name="TestCases.PriorityTest" tests="4" failures="0" timestamp="2022-06-11T08:34:45 IST" time="29.352" errors="0">
  <testcase name="loginToAppTest" time="19.052" classname="TestCases.PriorityTest"/>
  <system-out>
    <![CDATA[Executing login to application test]]>
  </system-out>
  <testcase name="verifyKiteLogoTest" time="5.394" classname="TestCases.PriorityTest"/>
  <system-out>
    <![CDATA[Executing kite logo test]]>
  </system-out>
  <testcase name="verifyZerodhaLogoTest" time="4.906" classname="TestCases.PriorityTest"/>
  <system-out>
    <![CDATA[Executing zerodha logo test]]>
  </system-out>
  <testcase name="verifyTitleTest" classname="TestCases.PriorityTest">
    <skipped/>
  </testcase> <!-- verifyTitleTest -->
  <system-out/>
</testsuite> <!-- TestCases.PriorityTest -->
