<?xml version="1.0" encoding="UTF-8"?>
<!-- Generated by org.testng.reporters.JUnitReportReporter -->
<testsuite skipped="0" hostname="apples-MacBook-Air.local" name="TestCases.SoftAssert" tests="1" failures="0" timestamp="2022-06-16T07:10:14 IST" time="0.014" errors="0">
  <testcase name="method1" time="0.014" classname="TestCases.SoftAssert"/>
  <system-out/>
</testsuite> <!-- TestCases.SoftAssert -->
