<?xml version="1.0" encoding="UTF-8"?>
<!-- Generated by org.testng.reporters.JUnitReportReporter -->
<testsuite skipped="0" hostname="apples-MacBook-Air.local" name="TestCases.ParallelTest" tests="3" failures="0" timestamp="2022-06-18T07:25:23 IST" time="71.840" errors="0">
  <testcase name="openAmazon" time="25.908" classname="TestCases.ParallelTest"/>
  <system-out/>
  <testcase name="openGoogle" time="23.652" classname="TestCases.ParallelTest"/>
  <system-out/>
  <testcase name="openFb" time="22.280" classname="TestCases.ParallelTest"/>
  <system-out/>
</testsuite> <!-- TestCases.ParallelTest -->
