<?xml version="1.0" encoding="UTF-8"?>
<!-- Generated by org.testng.reporters.JUnitReportReporter -->
<testsuite skipped="1" hostname="apples-MacBook-Air.local" name="TestCases.DatePickerTest" tests="2" failures="0" timestamp="2022-06-26T09:51:48 IST" time="0.047" errors="0">
  <testcase name="getDate" time="0.047" classname="TestCases.DatePickerTest"/>
  <system-out/>
  <testcase name="datePicker" classname="TestCases.DatePickerTest">
    <skipped/>
  </testcase> <!-- datePicker -->
  <system-out/>
</testsuite> <!-- TestCases.DatePickerTest -->
